[debug] [2023-11-29T22:41:56.145Z] ----------------------------------------------------------------------
[debug] [2023-11-29T22:41:56.146Z] Command:       /Users/witchy/.nvm/versions/node/v16.18.1/bin/node /Users/witchy/.nvm/versions/node/v16.18.1/bin/firebase deploy --only functions
[debug] [2023-11-29T22:41:56.147Z] CLI Version:   12.9.1
[debug] [2023-11-29T22:41:56.147Z] Platform:      darwin
[debug] [2023-11-29T22:41:56.147Z] Node Version:  v16.18.1
[debug] [2023-11-29T22:41:56.147Z] Time:          Wed Nov 29 2023 17:41:56 GMT-0500 (Eastern Standard Time)
[debug] [2023-11-29T22:41:56.147Z] ----------------------------------------------------------------------
[debug] 
[debug] [2023-11-29T22:41:56.179Z] > command requires scopes: ["email","openid","https://www.googleapis.com/auth/cloudplatformprojects.readonly","https://www.googleapis.com/auth/firebase","https://www.googleapis.com/auth/cloud-platform"]
[debug] [2023-11-29T22:41:56.179Z] > authorizing via signed-in user (witchyleanne93@gmail.com)
[debug] [2023-11-29T22:41:56.179Z] [iam] checking project dacosta-verde for permissions ["cloudfunctions.functions.create","cloudfunctions.functions.delete","cloudfunctions.functions.get","cloudfunctions.functions.list","cloudfunctions.functions.update","cloudfunctions.operations.get","firebase.projects.get"]
[debug] [2023-11-29T22:41:56.180Z] >>> [apiv2][query] POST https://cloudresourcemanager.googleapis.com/v1/projects/dacosta-verde:testIamPermissions [none]
[debug] [2023-11-29T22:41:56.180Z] >>> [apiv2][(partial)header] POST https://cloudresourcemanager.googleapis.com/v1/projects/dacosta-verde:testIamPermissions x-goog-quota-user=projects/dacosta-verde
[debug] [2023-11-29T22:41:56.180Z] >>> [apiv2][body] POST https://cloudresourcemanager.googleapis.com/v1/projects/dacosta-verde:testIamPermissions {"permissions":["cloudfunctions.functions.create","cloudfunctions.functions.delete","cloudfunctions.functions.get","cloudfunctions.functions.list","cloudfunctions.functions.update","cloudfunctions.operations.get","firebase.projects.get"]}
[debug] [2023-11-29T22:41:56.443Z] <<< [apiv2][status] POST https://cloudresourcemanager.googleapis.com/v1/projects/dacosta-verde:testIamPermissions 200
[debug] [2023-11-29T22:41:56.444Z] <<< [apiv2][body] POST https://cloudresourcemanager.googleapis.com/v1/projects/dacosta-verde:testIamPermissions {"permissions":["cloudfunctions.functions.create","cloudfunctions.functions.delete","cloudfunctions.functions.get","cloudfunctions.functions.list","cloudfunctions.functions.update","cloudfunctions.operations.get","firebase.projects.get"]}
[debug] [2023-11-29T22:41:56.444Z] >>> [apiv2][query] POST https://iam.googleapis.com/v1/projects/dacosta-verde/serviceAccounts/dacosta-verde@appspot.gserviceaccount.com:testIamPermissions [none]
[debug] [2023-11-29T22:41:56.445Z] >>> [apiv2][body] POST https://iam.googleapis.com/v1/projects/dacosta-verde/serviceAccounts/dacosta-verde@appspot.gserviceaccount.com:testIamPermissions {"permissions":["iam.serviceAccounts.actAs"]}
[debug] [2023-11-29T22:41:56.690Z] <<< [apiv2][status] POST https://iam.googleapis.com/v1/projects/dacosta-verde/serviceAccounts/dacosta-verde@appspot.gserviceaccount.com:testIamPermissions 200
[debug] [2023-11-29T22:41:56.690Z] <<< [apiv2][body] POST https://iam.googleapis.com/v1/projects/dacosta-verde/serviceAccounts/dacosta-verde@appspot.gserviceaccount.com:testIamPermissions {"permissions":["iam.serviceAccounts.actAs"]}
[info] 
[info] === Deploying to 'dacosta-verde'...
[info] 
[info] i  deploying functions 
[debug] [2023-11-29T22:41:56.696Z] >>> [apiv2][query] GET https://firebase.googleapis.com/v1beta1/projects/dacosta-verde [none]
[debug] [2023-11-29T22:41:56.964Z] <<< [apiv2][status] GET https://firebase.googleapis.com/v1beta1/projects/dacosta-verde 200
[debug] [2023-11-29T22:41:56.965Z] <<< [apiv2][body] GET https://firebase.googleapis.com/v1beta1/projects/dacosta-verde {"projectId":"dacosta-verde","projectNumber":"394142923640","displayName":"DaCosta Verde","name":"projects/dacosta-verde","resources":{"hostingSite":"dacosta-verde","storageBucket":"dacosta-verde.appspot.com","locationId":"us-central"},"state":"ACTIVE","etag":"1_87dcd19f-daf7-42c0-9dfd-fa2d89c84965"}
[info] i  functions: preparing codebase default for deployment 
[info] i  functions: ensuring required API cloudfunctions.googleapis.com is enabled... 
[info] i  functions: ensuring required API cloudbuild.googleapis.com is enabled... 
[info] i  artifactregistry: ensuring required API artifactregistry.googleapis.com is enabled... 
[debug] [2023-11-29T22:41:56.967Z] >>> [apiv2][query] GET https://serviceusage.googleapis.com/v1/projects/dacosta-verde/services/cloudfunctions.googleapis.com [none]
[debug] [2023-11-29T22:41:56.967Z] >>> [apiv2][(partial)header] GET https://serviceusage.googleapis.com/v1/projects/dacosta-verde/services/cloudfunctions.googleapis.com x-goog-quota-user=projects/dacosta-verde
[debug] [2023-11-29T22:41:56.969Z] >>> [apiv2][query] GET https://serviceusage.googleapis.com/v1/projects/dacosta-verde/services/runtimeconfig.googleapis.com [none]
[debug] [2023-11-29T22:41:56.969Z] >>> [apiv2][(partial)header] GET https://serviceusage.googleapis.com/v1/projects/dacosta-verde/services/runtimeconfig.googleapis.com x-goog-quota-user=projects/dacosta-verde
[debug] [2023-11-29T22:41:56.970Z] >>> [apiv2][query] GET https://serviceusage.googleapis.com/v1/projects/dacosta-verde/services/cloudbuild.googleapis.com [none]
[debug] [2023-11-29T22:41:56.971Z] >>> [apiv2][(partial)header] GET https://serviceusage.googleapis.com/v1/projects/dacosta-verde/services/cloudbuild.googleapis.com x-goog-quota-user=projects/dacosta-verde
[debug] [2023-11-29T22:41:56.971Z] >>> [apiv2][query] GET https://serviceusage.googleapis.com/v1/projects/dacosta-verde/services/artifactregistry.googleapis.com [none]
[debug] [2023-11-29T22:41:56.972Z] >>> [apiv2][(partial)header] GET https://serviceusage.googleapis.com/v1/projects/dacosta-verde/services/artifactregistry.googleapis.com x-goog-quota-user=projects/dacosta-verde
[debug] [2023-11-29T22:41:57.442Z] <<< [apiv2][status] GET https://serviceusage.googleapis.com/v1/projects/dacosta-verde/services/cloudfunctions.googleapis.com 200
[debug] [2023-11-29T22:41:57.443Z] <<< [apiv2][body] GET https://serviceusage.googleapis.com/v1/projects/dacosta-verde/services/cloudfunctions.googleapis.com [omitted]
[info] ✔  functions: required API cloudfunctions.googleapis.com is enabled 
[debug] [2023-11-29T22:41:57.444Z] <<< [apiv2][status] GET https://serviceusage.googleapis.com/v1/projects/dacosta-verde/services/cloudbuild.googleapis.com 200
[debug] [2023-11-29T22:41:57.444Z] <<< [apiv2][body] GET https://serviceusage.googleapis.com/v1/projects/dacosta-verde/services/cloudbuild.googleapis.com [omitted]
[info] ✔  functions: required API cloudbuild.googleapis.com is enabled 
[debug] [2023-11-29T22:41:57.447Z] <<< [apiv2][status] GET https://serviceusage.googleapis.com/v1/projects/dacosta-verde/services/artifactregistry.googleapis.com 200
[debug] [2023-11-29T22:41:57.447Z] <<< [apiv2][body] GET https://serviceusage.googleapis.com/v1/projects/dacosta-verde/services/artifactregistry.googleapis.com [omitted]
[info] ✔  artifactregistry: required API artifactregistry.googleapis.com is enabled 
[debug] [2023-11-29T22:41:57.448Z] <<< [apiv2][status] GET https://serviceusage.googleapis.com/v1/projects/dacosta-verde/services/runtimeconfig.googleapis.com 200
[debug] [2023-11-29T22:41:57.448Z] <<< [apiv2][body] GET https://serviceusage.googleapis.com/v1/projects/dacosta-verde/services/runtimeconfig.googleapis.com [omitted]
[debug] [2023-11-29T22:41:57.448Z] >>> [apiv2][query] GET https://firebase.googleapis.com/v1beta1/projects/dacosta-verde/adminSdkConfig [none]
[debug] [2023-11-29T22:41:57.793Z] <<< [apiv2][status] GET https://firebase.googleapis.com/v1beta1/projects/dacosta-verde/adminSdkConfig 200
[debug] [2023-11-29T22:41:57.794Z] <<< [apiv2][body] GET https://firebase.googleapis.com/v1beta1/projects/dacosta-verde/adminSdkConfig {"projectId":"dacosta-verde","storageBucket":"dacosta-verde.appspot.com","locationId":"us-central"}
[debug] [2023-11-29T22:41:57.795Z] >>> [apiv2][query] GET https://runtimeconfig.googleapis.com/v1beta1/projects/dacosta-verde/configs [none]
[debug] [2023-11-29T22:41:57.980Z] <<< [apiv2][status] GET https://runtimeconfig.googleapis.com/v1beta1/projects/dacosta-verde/configs 200
[debug] [2023-11-29T22:41:57.981Z] <<< [apiv2][body] GET https://runtimeconfig.googleapis.com/v1beta1/projects/dacosta-verde/configs {"configs":[{"name":"projects/dacosta-verde/configs/stripe"}]}
[debug] [2023-11-29T22:41:57.982Z] >>> [apiv2][query] GET https://runtimeconfig.googleapis.com/v1beta1/projects/dacosta-verde/configs/stripe/variables [none]
[debug] [2023-11-29T22:41:58.147Z] <<< [apiv2][status] GET https://runtimeconfig.googleapis.com/v1beta1/projects/dacosta-verde/configs/stripe/variables 200
[debug] [2023-11-29T22:41:58.147Z] <<< [apiv2][body] GET https://runtimeconfig.googleapis.com/v1beta1/projects/dacosta-verde/configs/stripe/variables {"variables":[{"name":"projects/dacosta-verde/configs/stripe/variables/key","updateTime":"2023-11-29T22:41:46.750544407Z"}]}
[debug] [2023-11-29T22:41:58.148Z] >>> [apiv2][query] GET https://runtimeconfig.googleapis.com/v1beta1/projects/dacosta-verde/configs/stripe/variables/key [none]
[debug] [2023-11-29T22:41:58.332Z] <<< [apiv2][status] GET https://runtimeconfig.googleapis.com/v1beta1/projects/dacosta-verde/configs/stripe/variables/key 200
[debug] [2023-11-29T22:41:58.333Z] <<< [apiv2][body] GET https://runtimeconfig.googleapis.com/v1beta1/projects/dacosta-verde/configs/stripe/variables/key {"name":"projects/dacosta-verde/configs/stripe/variables/key","updateTime":"2023-11-29T22:41:46.750544407Z","text":"sk_test_51OHtvqF3wMypaEYdklBn7esNSW8AKWTj3rMh14ghueCbwPTUjkyZ3R1vTlorn4xMSXRkhhENvxD5chzCaRHzR8Tv00QG0lfxNG"}
[debug] [2023-11-29T22:41:58.336Z] Validating nodejs source
[debug] [2023-11-29T22:41:58.829Z] > [functions] package.json contents: {
  "name": "functions",
  "description": "Cloud Functions for Firebase",
  "scripts": {
    "serve": "firebase emulators:start --only functions",
    "shell": "firebase functions:shell",
    "start": "npm run shell",
    "deploy": "firebase deploy --only functions",
    "logs": "firebase functions:log"
  },
  "engines": {
    "node": "18"
  },
  "main": "index.js",
  "dependencies": {
    "firebase-admin": "^11.8.0",
    "firebase-functions": "^4.3.1"
  },
  "devDependencies": {
    "firebase-functions-test": "^3.1.0"
  },
  "private": true
}
[debug] [2023-11-29T22:41:58.829Z] Building nodejs source
[info] i  functions: Loading and analyzing source code for codebase default to determine what to deploy 
[debug] [2023-11-29T22:41:58.830Z] Could not find functions.yaml. Must use http discovery
[debug] [2023-11-29T22:41:58.837Z] Found firebase-functions binary at '/Users/witchy/Projects/React/dacosta-verde/functions/node_modules/.bin/firebase-functions'
[info] Serving at port 8139

[debug] [2023-11-29T22:41:59.107Z] Got response from /__/functions.yaml {"endpoints":{"createCheckoutSession":{"platform":"gcfv1","labels":{},"availableMemoryMb":null,"timeoutSeconds":null,"minInstances":null,"maxInstances":null,"ingressSettings":null,"serviceAccountEmail":null,"vpc":null,"callableTrigger":{},"entryPoint":"createCheckoutSession"}},"specVersion":"v1alpha1","requiredAPIs":[]}
[info] i  functions: preparing functions directory for uploading... 
[info] i  functions: packaged /Users/witchy/Projects/React/dacosta-verde/functions (131.17 KB) for uploading 
[debug] [2023-11-29T22:41:59.133Z] >>> [apiv2][query] GET https://cloudfunctions.googleapis.com/v1/projects/dacosta-verde/locations/-/functions [none]
[debug] [2023-11-29T22:41:59.689Z] <<< [apiv2][status] GET https://cloudfunctions.googleapis.com/v1/projects/dacosta-verde/locations/-/functions 200
[debug] [2023-11-29T22:41:59.690Z] <<< [apiv2][body] GET https://cloudfunctions.googleapis.com/v1/projects/dacosta-verde/locations/-/functions {}
[debug] [2023-11-29T22:41:59.691Z] >>> [apiv2][query] GET https://cloudfunctions.googleapis.com/v2/projects/dacosta-verde/locations/-/functions filter=environment%3D%22GEN_2%22
[debug] [2023-11-29T22:42:00.305Z] <<< [apiv2][status] GET https://cloudfunctions.googleapis.com/v2/projects/dacosta-verde/locations/-/functions 200
[debug] [2023-11-29T22:42:00.306Z] <<< [apiv2][body] GET https://cloudfunctions.googleapis.com/v2/projects/dacosta-verde/locations/-/functions {"functions":[{"name":"projects/dacosta-verde/locations/us-central1/functions/helloWorld","buildConfig":{"build":"projects/394142923640/locations/us-central1/builds/c8a56946-e6cb-4ea9-957f-4f8e9e72f341","runtime":"nodejs18","entryPoint":"helloWorld","source":{"storageSource":{"bucket":"gcf-v2-sources-394142923640-us-central1","object":"helloWorld/function-source.zip","generation":"1701296722890067"}},"environmentVariables":{"GOOGLE_NODE_RUN_SCRIPTS":""},"sourceProvenance":{"resolvedStorageSource":{"bucket":"gcf-v2-sources-394142923640-us-central1","object":"helloWorld/function-source.zip","generation":"1701296722890067"}},"dockerRegistry":"ARTIFACT_REGISTRY"},"serviceConfig":{"service":"projects/dacosta-verde/locations/us-central1/services/helloworld","timeoutSeconds":60,"environmentVariables":{"FIREBASE_CONFIG":"{\"projectId\":\"dacosta-verde\",\"storageBucket\":\"dacosta-verde.appspot.com\",\"locationId\":\"us-central\"}","GCLOUD_PROJECT":"dacosta-verde","EVENTARC_CLOUD_EVENT_SOURCE":"projects/dacosta-verde/locations/us-central1/services/helloWorld","FUNCTION_TARGET":"helloWorld"},"maxInstanceCount":100,"ingressSettings":"ALLOW_ALL","uri":"https://helloworld-blm5bqjafa-uc.a.run.app","serviceAccountEmail":"394142923640-compute@developer.gserviceaccount.com","availableMemory":"256Mi","allTrafficOnLatestRevision":true,"revision":"helloworld-00001-yad","maxInstanceRequestConcurrency":80,"availableCpu":"1"},"state":"ACTIVE","updateTime":"2023-11-29T22:27:08.045161108Z","labels":{"deployment-tool":"cli-firebase","firebase-functions-hash":"bbbc4a08bbb24af9bc5987a9e83bcf9c93671875"},"environment":"GEN_2","url":"https://us-central1-dacosta-verde.cloudfunctions.net/helloWorld"}]}
[debug] [2023-11-29T22:42:00.312Z] >>> [apiv2][query] GET https://firebase.googleapis.com/v1beta1/projects/dacosta-verde [none]
[debug] [2023-11-29T22:42:00.607Z] <<< [apiv2][status] GET https://firebase.googleapis.com/v1beta1/projects/dacosta-verde 200
[debug] [2023-11-29T22:42:00.608Z] <<< [apiv2][body] GET https://firebase.googleapis.com/v1beta1/projects/dacosta-verde {"projectId":"dacosta-verde","projectNumber":"394142923640","displayName":"DaCosta Verde","name":"projects/dacosta-verde","resources":{"hostingSite":"dacosta-verde","storageBucket":"dacosta-verde.appspot.com","locationId":"us-central"},"state":"ACTIVE","etag":"1_87dcd19f-daf7-42c0-9dfd-fa2d89c84965"}
[debug] [2023-11-29T22:42:00.611Z] >>> [apiv2][query] POST https://cloudfunctions.googleapis.com/v1/projects/dacosta-verde/locations/us-central1/functions:generateUploadUrl [none]
[debug] [2023-11-29T22:42:00.611Z] >>> [apiv2][body] POST https://cloudfunctions.googleapis.com/v1/projects/dacosta-verde/locations/us-central1/functions:generateUploadUrl {}
[debug] [2023-11-29T22:42:23.043Z] <<< [apiv2][status] POST https://cloudfunctions.googleapis.com/v1/projects/dacosta-verde/locations/us-central1/functions:generateUploadUrl 200
[debug] [2023-11-29T22:42:23.044Z] <<< [apiv2][body] POST https://cloudfunctions.googleapis.com/v1/projects/dacosta-verde/locations/us-central1/functions:generateUploadUrl {"uploadUrl":"https://storage.googleapis.com/uploads-552288422511.us-central1.cloudfunctions.appspot.com/5ac15701-7865-4b25-92d9-dbd21476759b.zip?GoogleAccessId=service-394142923640@gcf-admin-robot.iam.gserviceaccount.com&Expires=1701299542&Signature=fvcaeuVdOTXTvfwfnIrylYudG9%2BSmSuw3k3KRzZ%2BPfvaLxfH9FR5eaHfBARElG9hW0F5XwJkQb0LiUvZJ6EmjC0RKJU02A8Qm2F%2BvrXNH48kKHXnG6VE3OZCdwuO30rTQZYMJ3kB%2BKJZFNHwPsvG8%2BCqJ%2Bxm5ZBDOCk6mNVjEjtcCEXR2XGtI06rhI22pcQ11iXns2rLIlt48HTXN5ylj%2BGg1PZGErPnas2QGC5nRbsodmMFF0F4oPFFYGobF2cGGPMHVkc55FenJShgeH7hvfj49zPHqo6C8iCTZTCY%2BxjxgUC3Z6TLOtO%2F5BhlPVN3wfTIyRXqMx6sksbSM74vnw%3D%3D"}
[debug] [2023-11-29T22:42:23.046Z] >>> [apiv2][query] PUT https://storage.googleapis.com/uploads-552288422511.us-central1.cloudfunctions.appspot.com/5ac15701-7865-4b25-92d9-dbd21476759b.zip GoogleAccessId=service-394142923640%40gcf-admin-robot.iam.gserviceaccount.com&Expires=1701299542&Signature=fvcaeuVdOTXTvfwfnIrylYudG9%2BSmSuw3k3KRzZ%2BPfvaLxfH9FR5eaHfBARElG9hW0F5XwJkQb0LiUvZJ6EmjC0RKJU02A8Qm2F%2BvrXNH48kKHXnG6VE3OZCdwuO30rTQZYMJ3kB%2BKJZFNHwPsvG8%2BCqJ%2Bxm5ZBDOCk6mNVjEjtcCEXR2XGtI06rhI22pcQ11iXns2rLIlt48HTXN5ylj%2BGg1PZGErPnas2QGC5nRbsodmMFF0F4oPFFYGobF2cGGPMHVkc55FenJShgeH7hvfj49zPHqo6C8iCTZTCY%2BxjxgUC3Z6TLOtO%2F5BhlPVN3wfTIyRXqMx6sksbSM74vnw%3D%3D
[debug] [2023-11-29T22:42:23.046Z] >>> [apiv2][body] PUT https://storage.googleapis.com/uploads-552288422511.us-central1.cloudfunctions.appspot.com/5ac15701-7865-4b25-92d9-dbd21476759b.zip [stream]
[debug] [2023-11-29T22:42:23.434Z] <<< [apiv2][status] PUT https://storage.googleapis.com/uploads-552288422511.us-central1.cloudfunctions.appspot.com/5ac15701-7865-4b25-92d9-dbd21476759b.zip 200
[debug] [2023-11-29T22:42:23.434Z] <<< [apiv2][body] PUT https://storage.googleapis.com/uploads-552288422511.us-central1.cloudfunctions.appspot.com/5ac15701-7865-4b25-92d9-dbd21476759b.zip [omitted]
[info] ✔  functions: functions folder uploaded successfully 
[info] 
The following functions are found in your project but do not exist in your local source code:
	helloWorld(us-central1)

If you are renaming a function or changing its region, it is recommended that you create the new function first before deleting the old one to prevent event loss. For more info, visit https://firebase.google.com/docs/functions/manage-functions#modify

[info] i  functions: creating Node.js 18 (1st Gen) function createCheckoutSession(us-central1)... 
[info] i  functions: deleting Node.js 18 (2nd Gen) function helloWorld(us-central1)... 
[debug] [2023-11-29T22:42:49.337Z] >>> [apiv2][query] POST https://cloudfunctions.googleapis.com/v1/projects/dacosta-verde/locations/us-central1/functions [none]
[debug] [2023-11-29T22:42:49.337Z] >>> [apiv2][body] POST https://cloudfunctions.googleapis.com/v1/projects/dacosta-verde/locations/us-central1/functions {"name":"projects/dacosta-verde/locations/us-central1/functions/createCheckoutSession","sourceUploadUrl":"https://storage.googleapis.com/uploads-552288422511.us-central1.cloudfunctions.appspot.com/5ac15701-7865-4b25-92d9-dbd21476759b.zip?GoogleAccessId=service-394142923640@gcf-admin-robot.iam.gserviceaccount.com&Expires=1701299542&Signature=fvcaeuVdOTXTvfwfnIrylYudG9%2BSmSuw3k3KRzZ%2BPfvaLxfH9FR5eaHfBARElG9hW0F5XwJkQb0LiUvZJ6EmjC0RKJU02A8Qm2F%2BvrXNH48kKHXnG6VE3OZCdwuO30rTQZYMJ3kB%2BKJZFNHwPsvG8%2BCqJ%2Bxm5ZBDOCk6mNVjEjtcCEXR2XGtI06rhI22pcQ11iXns2rLIlt48HTXN5ylj%2BGg1PZGErPnas2QGC5nRbsodmMFF0F4oPFFYGobF2cGGPMHVkc55FenJShgeH7hvfj49zPHqo6C8iCTZTCY%2BxjxgUC3Z6TLOtO%2F5BhlPVN3wfTIyRXqMx6sksbSM74vnw%3D%3D","entryPoint":"createCheckoutSession","runtime":"nodejs18","dockerRegistry":"ARTIFACT_REGISTRY","labels":{"deployment-tool":"cli-firebase","deployment-callable":"true","firebase-functions-hash":"d542f166886fde85f0e283f22df525e429157d15"},"httpsTrigger":{"securityLevel":"SECURE_ALWAYS"},"minInstances":null,"maxInstances":null,"ingressSettings":null,"environmentVariables":{"FIREBASE_CONFIG":"{\"projectId\":\"dacosta-verde\",\"storageBucket\":\"dacosta-verde.appspot.com\",\"locationId\":\"us-central\"}","GCLOUD_PROJECT":"dacosta-verde","EVENTARC_CLOUD_EVENT_SOURCE":"projects/dacosta-verde/locations/us-central1/functions/createCheckoutSession"},"serviceAccountEmail":null,"availableMemoryMb":null,"timeout":null,"vpcConnector":null,"vpcConnectorEgressSettings":null,"buildEnvironmentVariables":{"GOOGLE_NODE_RUN_SCRIPTS":""}}
[debug] [2023-11-29T22:42:49.338Z] >>> [apiv2][query] DELETE https://cloudfunctions.googleapis.com/v2/projects/dacosta-verde/locations/us-central1/functions/helloWorld [none]
[debug] [2023-11-29T22:42:49.766Z] <<< [apiv2][status] DELETE https://cloudfunctions.googleapis.com/v2/projects/dacosta-verde/locations/us-central1/functions/helloWorld 200
[debug] [2023-11-29T22:42:49.766Z] <<< [apiv2][body] DELETE https://cloudfunctions.googleapis.com/v2/projects/dacosta-verde/locations/us-central1/functions/helloWorld {"name":"projects/dacosta-verde/locations/us-central1/operations/operation-1701297769605-60b524136e7d8-58534301-a6df8b1e","metadata":{"@type":"type.googleapis.com/google.cloud.functions.v2.OperationMetadata","createTime":"2023-11-29T22:42:49.644137812Z","target":"projects/dacosta-verde/locations/us-central1/functions/helloWorld","verb":"delete","cancelRequested":false,"apiVersion":"v2"},"done":false}
[debug] [2023-11-29T22:42:49.767Z] >>> [apiv2][query] GET https://cloudfunctions.googleapis.com/v2/projects/dacosta-verde/locations/us-central1/operations/operation-1701297769605-60b524136e7d8-58534301-a6df8b1e [none]
[debug] [2023-11-29T22:42:49.878Z] <<< [apiv2][status] POST https://cloudfunctions.googleapis.com/v1/projects/dacosta-verde/locations/us-central1/functions 200
[debug] [2023-11-29T22:42:49.878Z] <<< [apiv2][body] POST https://cloudfunctions.googleapis.com/v1/projects/dacosta-verde/locations/us-central1/functions {"name":"operations/ZGFjb3N0YS12ZXJkZS91cy1jZW50cmFsMS9jcmVhdGVDaGVja291dFNlc3Npb24vRTlJd1gyU0NrcTA","metadata":{"@type":"type.googleapis.com/google.cloud.functions.v1.OperationMetadataV1","target":"projects/dacosta-verde/locations/us-central1/functions/createCheckoutSession","type":"CREATE_FUNCTION","request":{"@type":"type.googleapis.com/google.cloud.functions.v1.CloudFunction","name":"projects/dacosta-verde/locations/us-central1/functions/createCheckoutSession","httpsTrigger":{"securityLevel":"SECURE_ALWAYS"},"entryPoint":"createCheckoutSession","labels":{"deployment-tool":"cli-firebase","deployment-callable":"true","firebase-functions-hash":"d542f166886fde85f0e283f22df525e429157d15"},"sourceUploadUrl":"https://storage.googleapis.com/uploads-552288422511.us-central1.cloudfunctions.appspot.com/5ac15701-7865-4b25-92d9-dbd21476759b.zip?GoogleAccessId=service-394142923640@gcf-admin-robot.iam.gserviceaccount.com&Expires=1701299542&Signature=fvcaeuVdOTXTvfwfnIrylYudG9%2BSmSuw3k3KRzZ%2BPfvaLxfH9FR5eaHfBARElG9hW0F5XwJkQb0LiUvZJ6EmjC0RKJU02A8Qm2F%2BvrXNH48kKHXnG6VE3OZCdwuO30rTQZYMJ3kB%2BKJZFNHwPsvG8%2BCqJ%2Bxm5ZBDOCk6mNVjEjtcCEXR2XGtI06rhI22pcQ11iXns2rLIlt48HTXN5ylj%2BGg1PZGErPnas2QGC5nRbsodmMFF0F4oPFFYGobF2cGGPMHVkc55FenJShgeH7hvfj49zPHqo6C8iCTZTCY%2BxjxgUC3Z6TLOtO%2F5BhlPVN3wfTIyRXqMx6sksbSM74vnw%3D%3D","environmentVariables":{"FIREBASE_CONFIG":"{\"projectId\":\"dacosta-verde\",\"storageBucket\":\"dacosta-verde.appspot.com\",\"locationId\":\"us-central\"}","GCLOUD_PROJECT":"dacosta-verde","EVENTARC_CLOUD_EVENT_SOURCE":"projects/dacosta-verde/locations/us-central1/functions/createCheckoutSession"},"runtime":"nodejs18","buildEnvironmentVariables":{"GOOGLE_NODE_RUN_SCRIPTS":""},"dockerRegistry":"ARTIFACT_REGISTRY"},"versionId":"1","updateTime":"2023-11-29T22:42:49Z"}}
[debug] [2023-11-29T22:42:49.879Z] >>> [apiv2][query] GET https://cloudfunctions.googleapis.com/v1/operations/ZGFjb3N0YS12ZXJkZS91cy1jZW50cmFsMS9jcmVhdGVDaGVja291dFNlc3Npb24vRTlJd1gyU0NrcTA [none]
[debug] [2023-11-29T22:42:50.038Z] <<< [apiv2][status] GET https://cloudfunctions.googleapis.com/v2/projects/dacosta-verde/locations/us-central1/operations/operation-1701297769605-60b524136e7d8-58534301-a6df8b1e 200
[debug] [2023-11-29T22:42:50.039Z] <<< [apiv2][body] GET https://cloudfunctions.googleapis.com/v2/projects/dacosta-verde/locations/us-central1/operations/operation-1701297769605-60b524136e7d8-58534301-a6df8b1e {"name":"projects/dacosta-verde/locations/us-central1/operations/operation-1701297769605-60b524136e7d8-58534301-a6df8b1e","metadata":{"@type":"type.googleapis.com/google.cloud.functions.v2.OperationMetadata","createTime":"2023-11-29T22:42:49.644137812Z","target":"projects/dacosta-verde/locations/us-central1/functions/helloWorld","verb":"delete","cancelRequested":false,"apiVersion":"v2","requestResource":{"@type":"type.googleapis.com/google.cloud.functions.v2.Function","name":"projects/dacosta-verde/locations/us-central1/functions/helloWorld"},"stages":[{"name":"ARTIFACT_REGISTRY","state":"NOT_STARTED"},{"name":"SERVICE","message":"Deleting Cloud Run service","state":"IN_PROGRESS","resource":"projects/dacosta-verde/locations/us-central1/services/helloworld"}]},"done":false}
[debug] [2023-11-29T22:42:50.066Z] <<< [apiv2][status] GET https://cloudfunctions.googleapis.com/v1/operations/ZGFjb3N0YS12ZXJkZS91cy1jZW50cmFsMS9jcmVhdGVDaGVja291dFNlc3Npb24vRTlJd1gyU0NrcTA 200
[debug] [2023-11-29T22:42:50.066Z] <<< [apiv2][body] GET https://cloudfunctions.googleapis.com/v1/operations/ZGFjb3N0YS12ZXJkZS91cy1jZW50cmFsMS9jcmVhdGVDaGVja291dFNlc3Npb24vRTlJd1gyU0NrcTA {"name":"operations/ZGFjb3N0YS12ZXJkZS91cy1jZW50cmFsMS9jcmVhdGVDaGVja291dFNlc3Npb24vRTlJd1gyU0NrcTA","metadata":{"@type":"type.googleapis.com/google.cloud.functions.v1.OperationMetadataV1","target":"projects/dacosta-verde/locations/us-central1/functions/createCheckoutSession","type":"CREATE_FUNCTION","request":{"@type":"type.googleapis.com/google.cloud.functions.v1.CloudFunction","name":"projects/dacosta-verde/locations/us-central1/functions/createCheckoutSession","httpsTrigger":{"securityLevel":"SECURE_ALWAYS"},"entryPoint":"createCheckoutSession","labels":{"deployment-tool":"cli-firebase","deployment-callable":"true","firebase-functions-hash":"d542f166886fde85f0e283f22df525e429157d15"},"sourceUploadUrl":"https://storage.googleapis.com/uploads-552288422511.us-central1.cloudfunctions.appspot.com/5ac15701-7865-4b25-92d9-dbd21476759b.zip?GoogleAccessId=service-394142923640@gcf-admin-robot.iam.gserviceaccount.com&Expires=1701299542&Signature=fvcaeuVdOTXTvfwfnIrylYudG9%2BSmSuw3k3KRzZ%2BPfvaLxfH9FR5eaHfBARElG9hW0F5XwJkQb0LiUvZJ6EmjC0RKJU02A8Qm2F%2BvrXNH48kKHXnG6VE3OZCdwuO30rTQZYMJ3kB%2BKJZFNHwPsvG8%2BCqJ%2Bxm5ZBDOCk6mNVjEjtcCEXR2XGtI06rhI22pcQ11iXns2rLIlt48HTXN5ylj%2BGg1PZGErPnas2QGC5nRbsodmMFF0F4oPFFYGobF2cGGPMHVkc55FenJShgeH7hvfj49zPHqo6C8iCTZTCY%2BxjxgUC3Z6TLOtO%2F5BhlPVN3wfTIyRXqMx6sksbSM74vnw%3D%3D","environmentVariables":{"FIREBASE_CONFIG":"{\"projectId\":\"dacosta-verde\",\"storageBucket\":\"dacosta-verde.appspot.com\",\"locationId\":\"us-central\"}","GCLOUD_PROJECT":"dacosta-verde","EVENTARC_CLOUD_EVENT_SOURCE":"projects/dacosta-verde/locations/us-central1/functions/createCheckoutSession"},"runtime":"nodejs18","buildEnvironmentVariables":{"GOOGLE_NODE_RUN_SCRIPTS":""},"dockerRegistry":"ARTIFACT_REGISTRY"},"versionId":"1","updateTime":"2023-11-29T22:42:49Z"}}
[debug] [2023-11-29T22:42:50.542Z] [delete-default-us-central1-helloWorld] Retrying task index 0
[debug] [2023-11-29T22:42:50.543Z] >>> [apiv2][query] GET https://cloudfunctions.googleapis.com/v2/projects/dacosta-verde/locations/us-central1/operations/operation-1701297769605-60b524136e7d8-58534301-a6df8b1e [none]
[debug] [2023-11-29T22:42:50.568Z] [create-default-us-central1-createCheckoutSession] Retrying task index 0
[debug] [2023-11-29T22:42:50.568Z] >>> [apiv2][query] GET https://cloudfunctions.googleapis.com/v1/operations/ZGFjb3N0YS12ZXJkZS91cy1jZW50cmFsMS9jcmVhdGVDaGVja291dFNlc3Npb24vRTlJd1gyU0NrcTA [none]
[debug] [2023-11-29T22:42:50.701Z] <<< [apiv2][status] GET https://cloudfunctions.googleapis.com/v2/projects/dacosta-verde/locations/us-central1/operations/operation-1701297769605-60b524136e7d8-58534301-a6df8b1e 200
[debug] [2023-11-29T22:42:50.701Z] <<< [apiv2][body] GET https://cloudfunctions.googleapis.com/v2/projects/dacosta-verde/locations/us-central1/operations/operation-1701297769605-60b524136e7d8-58534301-a6df8b1e {"name":"projects/dacosta-verde/locations/us-central1/operations/operation-1701297769605-60b524136e7d8-58534301-a6df8b1e","metadata":{"@type":"type.googleapis.com/google.cloud.functions.v2.OperationMetadata","createTime":"2023-11-29T22:42:49.644137812Z","target":"projects/dacosta-verde/locations/us-central1/functions/helloWorld","verb":"delete","cancelRequested":false,"apiVersion":"v2","requestResource":{"@type":"type.googleapis.com/google.cloud.functions.v2.Function","name":"projects/dacosta-verde/locations/us-central1/functions/helloWorld"},"stages":[{"name":"ARTIFACT_REGISTRY","state":"NOT_STARTED"},{"name":"SERVICE","message":"Deleting Cloud Run service","state":"IN_PROGRESS","resource":"projects/dacosta-verde/locations/us-central1/services/helloworld"}]},"done":false}
[debug] [2023-11-29T22:42:50.739Z] <<< [apiv2][status] GET https://cloudfunctions.googleapis.com/v1/operations/ZGFjb3N0YS12ZXJkZS91cy1jZW50cmFsMS9jcmVhdGVDaGVja291dFNlc3Npb24vRTlJd1gyU0NrcTA 200
[debug] [2023-11-29T22:42:50.739Z] <<< [apiv2][body] GET https://cloudfunctions.googleapis.com/v1/operations/ZGFjb3N0YS12ZXJkZS91cy1jZW50cmFsMS9jcmVhdGVDaGVja291dFNlc3Npb24vRTlJd1gyU0NrcTA {"name":"operations/ZGFjb3N0YS12ZXJkZS91cy1jZW50cmFsMS9jcmVhdGVDaGVja291dFNlc3Npb24vRTlJd1gyU0NrcTA","metadata":{"@type":"type.googleapis.com/google.cloud.functions.v1.OperationMetadataV1","target":"projects/dacosta-verde/locations/us-central1/functions/createCheckoutSession","type":"CREATE_FUNCTION","request":{"@type":"type.googleapis.com/google.cloud.functions.v1.CloudFunction","name":"projects/dacosta-verde/locations/us-central1/functions/createCheckoutSession","httpsTrigger":{"securityLevel":"SECURE_ALWAYS"},"entryPoint":"createCheckoutSession","labels":{"deployment-tool":"cli-firebase","deployment-callable":"true","firebase-functions-hash":"d542f166886fde85f0e283f22df525e429157d15"},"sourceUploadUrl":"https://storage.googleapis.com/uploads-552288422511.us-central1.cloudfunctions.appspot.com/5ac15701-7865-4b25-92d9-dbd21476759b.zip?GoogleAccessId=service-394142923640@gcf-admin-robot.iam.gserviceaccount.com&Expires=1701299542&Signature=fvcaeuVdOTXTvfwfnIrylYudG9%2BSmSuw3k3KRzZ%2BPfvaLxfH9FR5eaHfBARElG9hW0F5XwJkQb0LiUvZJ6EmjC0RKJU02A8Qm2F%2BvrXNH48kKHXnG6VE3OZCdwuO30rTQZYMJ3kB%2BKJZFNHwPsvG8%2BCqJ%2Bxm5ZBDOCk6mNVjEjtcCEXR2XGtI06rhI22pcQ11iXns2rLIlt48HTXN5ylj%2BGg1PZGErPnas2QGC5nRbsodmMFF0F4oPFFYGobF2cGGPMHVkc55FenJShgeH7hvfj49zPHqo6C8iCTZTCY%2BxjxgUC3Z6TLOtO%2F5BhlPVN3wfTIyRXqMx6sksbSM74vnw%3D%3D","environmentVariables":{"FIREBASE_CONFIG":"{\"projectId\":\"dacosta-verde\",\"storageBucket\":\"dacosta-verde.appspot.com\",\"locationId\":\"us-central\"}","GCLOUD_PROJECT":"dacosta-verde","EVENTARC_CLOUD_EVENT_SOURCE":"projects/dacosta-verde/locations/us-central1/functions/createCheckoutSession"},"runtime":"nodejs18","buildEnvironmentVariables":{"GOOGLE_NODE_RUN_SCRIPTS":""},"dockerRegistry":"ARTIFACT_REGISTRY"},"versionId":"1","updateTime":"2023-11-29T22:42:49Z"}}
[debug] [2023-11-29T22:42:51.703Z] [delete-default-us-central1-helloWorld] Retrying task index 0
[debug] [2023-11-29T22:42:51.704Z] >>> [apiv2][query] GET https://cloudfunctions.googleapis.com/v2/projects/dacosta-verde/locations/us-central1/operations/operation-1701297769605-60b524136e7d8-58534301-a6df8b1e [none]
[debug] [2023-11-29T22:42:51.741Z] [create-default-us-central1-createCheckoutSession] Retrying task index 0
[debug] [2023-11-29T22:42:51.742Z] >>> [apiv2][query] GET https://cloudfunctions.googleapis.com/v1/operations/ZGFjb3N0YS12ZXJkZS91cy1jZW50cmFsMS9jcmVhdGVDaGVja291dFNlc3Npb24vRTlJd1gyU0NrcTA [none]
[debug] [2023-11-29T22:42:51.939Z] <<< [apiv2][status] GET https://cloudfunctions.googleapis.com/v1/operations/ZGFjb3N0YS12ZXJkZS91cy1jZW50cmFsMS9jcmVhdGVDaGVja291dFNlc3Npb24vRTlJd1gyU0NrcTA 200
[debug] [2023-11-29T22:42:51.939Z] <<< [apiv2][body] GET https://cloudfunctions.googleapis.com/v1/operations/ZGFjb3N0YS12ZXJkZS91cy1jZW50cmFsMS9jcmVhdGVDaGVja291dFNlc3Npb24vRTlJd1gyU0NrcTA {"name":"operations/ZGFjb3N0YS12ZXJkZS91cy1jZW50cmFsMS9jcmVhdGVDaGVja291dFNlc3Npb24vRTlJd1gyU0NrcTA","metadata":{"@type":"type.googleapis.com/google.cloud.functions.v1.OperationMetadataV1","target":"projects/dacosta-verde/locations/us-central1/functions/createCheckoutSession","type":"CREATE_FUNCTION","request":{"@type":"type.googleapis.com/google.cloud.functions.v1.CloudFunction","name":"projects/dacosta-verde/locations/us-central1/functions/createCheckoutSession","httpsTrigger":{"securityLevel":"SECURE_ALWAYS"},"entryPoint":"createCheckoutSession","labels":{"deployment-tool":"cli-firebase","deployment-callable":"true","firebase-functions-hash":"d542f166886fde85f0e283f22df525e429157d15"},"sourceUploadUrl":"https://storage.googleapis.com/uploads-552288422511.us-central1.cloudfunctions.appspot.com/5ac15701-7865-4b25-92d9-dbd21476759b.zip?GoogleAccessId=service-394142923640@gcf-admin-robot.iam.gserviceaccount.com&Expires=1701299542&Signature=fvcaeuVdOTXTvfwfnIrylYudG9%2BSmSuw3k3KRzZ%2BPfvaLxfH9FR5eaHfBARElG9hW0F5XwJkQb0LiUvZJ6EmjC0RKJU02A8Qm2F%2BvrXNH48kKHXnG6VE3OZCdwuO30rTQZYMJ3kB%2BKJZFNHwPsvG8%2BCqJ%2Bxm5ZBDOCk6mNVjEjtcCEXR2XGtI06rhI22pcQ11iXns2rLIlt48HTXN5ylj%2BGg1PZGErPnas2QGC5nRbsodmMFF0F4oPFFYGobF2cGGPMHVkc55FenJShgeH7hvfj49zPHqo6C8iCTZTCY%2BxjxgUC3Z6TLOtO%2F5BhlPVN3wfTIyRXqMx6sksbSM74vnw%3D%3D","environmentVariables":{"FIREBASE_CONFIG":"{\"projectId\":\"dacosta-verde\",\"storageBucket\":\"dacosta-verde.appspot.com\",\"locationId\":\"us-central\"}","GCLOUD_PROJECT":"dacosta-verde","EVENTARC_CLOUD_EVENT_SOURCE":"projects/dacosta-verde/locations/us-central1/functions/createCheckoutSession"},"runtime":"nodejs18","buildEnvironmentVariables":{"GOOGLE_NODE_RUN_SCRIPTS":""},"dockerRegistry":"ARTIFACT_REGISTRY"},"versionId":"1","updateTime":"2023-11-29T22:42:49Z","buildId":"ca4c645c-68c6-45ec-bc53-33da0c9b2d17","buildName":"projects/394142923640/locations/us-central1/builds/ca4c645c-68c6-45ec-bc53-33da0c9b2d17"}}
[debug] [2023-11-29T22:42:52.007Z] <<< [apiv2][status] GET https://cloudfunctions.googleapis.com/v2/projects/dacosta-verde/locations/us-central1/operations/operation-1701297769605-60b524136e7d8-58534301-a6df8b1e 200
[debug] [2023-11-29T22:42:52.008Z] <<< [apiv2][body] GET https://cloudfunctions.googleapis.com/v2/projects/dacosta-verde/locations/us-central1/operations/operation-1701297769605-60b524136e7d8-58534301-a6df8b1e {"name":"projects/dacosta-verde/locations/us-central1/operations/operation-1701297769605-60b524136e7d8-58534301-a6df8b1e","metadata":{"@type":"type.googleapis.com/google.cloud.functions.v2.OperationMetadata","createTime":"2023-11-29T22:42:49.644137812Z","target":"projects/dacosta-verde/locations/us-central1/functions/helloWorld","verb":"delete","cancelRequested":false,"apiVersion":"v2","requestResource":{"@type":"type.googleapis.com/google.cloud.functions.v2.Function","name":"projects/dacosta-verde/locations/us-central1/functions/helloWorld"},"stages":[{"name":"ARTIFACT_REGISTRY","message":"Deleting function artifacts in Artifact Registry","state":"IN_PROGRESS"},{"name":"SERVICE","message":"Deleting Cloud Run service","state":"COMPLETE","resource":"projects/dacosta-verde/locations/us-central1/services/helloworld"}]},"done":false}
[debug] [2023-11-29T22:42:53.939Z] [create-default-us-central1-createCheckoutSession] Retrying task index 0
[debug] [2023-11-29T22:42:53.940Z] >>> [apiv2][query] GET https://cloudfunctions.googleapis.com/v1/operations/ZGFjb3N0YS12ZXJkZS91cy1jZW50cmFsMS9jcmVhdGVDaGVja291dFNlc3Npb24vRTlJd1gyU0NrcTA [none]
[debug] [2023-11-29T22:42:54.010Z] [delete-default-us-central1-helloWorld] Retrying task index 0
[debug] [2023-11-29T22:42:54.011Z] >>> [apiv2][query] GET https://cloudfunctions.googleapis.com/v2/projects/dacosta-verde/locations/us-central1/operations/operation-1701297769605-60b524136e7d8-58534301-a6df8b1e [none]
[debug] [2023-11-29T22:42:54.145Z] <<< [apiv2][status] GET https://cloudfunctions.googleapis.com/v1/operations/ZGFjb3N0YS12ZXJkZS91cy1jZW50cmFsMS9jcmVhdGVDaGVja291dFNlc3Npb24vRTlJd1gyU0NrcTA 200
[debug] [2023-11-29T22:42:54.146Z] <<< [apiv2][body] GET https://cloudfunctions.googleapis.com/v1/operations/ZGFjb3N0YS12ZXJkZS91cy1jZW50cmFsMS9jcmVhdGVDaGVja291dFNlc3Npb24vRTlJd1gyU0NrcTA {"name":"operations/ZGFjb3N0YS12ZXJkZS91cy1jZW50cmFsMS9jcmVhdGVDaGVja291dFNlc3Npb24vRTlJd1gyU0NrcTA","metadata":{"@type":"type.googleapis.com/google.cloud.functions.v1.OperationMetadataV1","target":"projects/dacosta-verde/locations/us-central1/functions/createCheckoutSession","type":"CREATE_FUNCTION","request":{"@type":"type.googleapis.com/google.cloud.functions.v1.CloudFunction","name":"projects/dacosta-verde/locations/us-central1/functions/createCheckoutSession","httpsTrigger":{"securityLevel":"SECURE_ALWAYS"},"entryPoint":"createCheckoutSession","labels":{"deployment-tool":"cli-firebase","deployment-callable":"true","firebase-functions-hash":"d542f166886fde85f0e283f22df525e429157d15"},"sourceUploadUrl":"https://storage.googleapis.com/uploads-552288422511.us-central1.cloudfunctions.appspot.com/5ac15701-7865-4b25-92d9-dbd21476759b.zip?GoogleAccessId=service-394142923640@gcf-admin-robot.iam.gserviceaccount.com&Expires=1701299542&Signature=fvcaeuVdOTXTvfwfnIrylYudG9%2BSmSuw3k3KRzZ%2BPfvaLxfH9FR5eaHfBARElG9hW0F5XwJkQb0LiUvZJ6EmjC0RKJU02A8Qm2F%2BvrXNH48kKHXnG6VE3OZCdwuO30rTQZYMJ3kB%2BKJZFNHwPsvG8%2BCqJ%2Bxm5ZBDOCk6mNVjEjtcCEXR2XGtI06rhI22pcQ11iXns2rLIlt48HTXN5ylj%2BGg1PZGErPnas2QGC5nRbsodmMFF0F4oPFFYGobF2cGGPMHVkc55FenJShgeH7hvfj49zPHqo6C8iCTZTCY%2BxjxgUC3Z6TLOtO%2F5BhlPVN3wfTIyRXqMx6sksbSM74vnw%3D%3D","environmentVariables":{"FIREBASE_CONFIG":"{\"projectId\":\"dacosta-verde\",\"storageBucket\":\"dacosta-verde.appspot.com\",\"locationId\":\"us-central\"}","GCLOUD_PROJECT":"dacosta-verde","EVENTARC_CLOUD_EVENT_SOURCE":"projects/dacosta-verde/locations/us-central1/functions/createCheckoutSession"},"runtime":"nodejs18","buildEnvironmentVariables":{"GOOGLE_NODE_RUN_SCRIPTS":""},"dockerRegistry":"ARTIFACT_REGISTRY"},"versionId":"1","updateTime":"2023-11-29T22:42:49Z","buildId":"ca4c645c-68c6-45ec-bc53-33da0c9b2d17","buildName":"projects/394142923640/locations/us-central1/builds/ca4c645c-68c6-45ec-bc53-33da0c9b2d17"}}
[debug] [2023-11-29T22:42:54.273Z] <<< [apiv2][status] GET https://cloudfunctions.googleapis.com/v2/projects/dacosta-verde/locations/us-central1/operations/operation-1701297769605-60b524136e7d8-58534301-a6df8b1e 200
[debug] [2023-11-29T22:42:54.273Z] <<< [apiv2][body] GET https://cloudfunctions.googleapis.com/v2/projects/dacosta-verde/locations/us-central1/operations/operation-1701297769605-60b524136e7d8-58534301-a6df8b1e {"name":"projects/dacosta-verde/locations/us-central1/operations/operation-1701297769605-60b524136e7d8-58534301-a6df8b1e","metadata":{"@type":"type.googleapis.com/google.cloud.functions.v2.OperationMetadata","createTime":"2023-11-29T22:42:49.644137812Z","endTime":"2023-11-29T22:42:52.002706675Z","target":"projects/dacosta-verde/locations/us-central1/functions/helloWorld","verb":"delete","cancelRequested":false,"apiVersion":"v2","requestResource":{"@type":"type.googleapis.com/google.cloud.functions.v2.Function","name":"projects/dacosta-verde/locations/us-central1/functions/helloWorld"},"stages":[{"name":"ARTIFACT_REGISTRY","message":"Deleting function artifacts in Artifact Registry","state":"COMPLETE"},{"name":"SERVICE","message":"Deleting Cloud Run service","state":"COMPLETE","resource":"projects/dacosta-verde/locations/us-central1/services/helloworld"}]},"done":true,"response":{"@type":"type.googleapis.com/google.protobuf.Empty"}}
[info] ✔  functions[helloWorld(us-central1)] Successful delete operation. 
[debug] [2023-11-29T22:42:58.147Z] [create-default-us-central1-createCheckoutSession] Retrying task index 0
[debug] [2023-11-29T22:42:58.149Z] >>> [apiv2][query] GET https://cloudfunctions.googleapis.com/v1/operations/ZGFjb3N0YS12ZXJkZS91cy1jZW50cmFsMS9jcmVhdGVDaGVja291dFNlc3Npb24vRTlJd1gyU0NrcTA [none]
[debug] [2023-11-29T22:42:58.399Z] <<< [apiv2][status] GET https://cloudfunctions.googleapis.com/v1/operations/ZGFjb3N0YS12ZXJkZS91cy1jZW50cmFsMS9jcmVhdGVDaGVja291dFNlc3Npb24vRTlJd1gyU0NrcTA 200
[debug] [2023-11-29T22:42:58.399Z] <<< [apiv2][body] GET https://cloudfunctions.googleapis.com/v1/operations/ZGFjb3N0YS12ZXJkZS91cy1jZW50cmFsMS9jcmVhdGVDaGVja291dFNlc3Npb24vRTlJd1gyU0NrcTA {"name":"operations/ZGFjb3N0YS12ZXJkZS91cy1jZW50cmFsMS9jcmVhdGVDaGVja291dFNlc3Npb24vRTlJd1gyU0NrcTA","metadata":{"@type":"type.googleapis.com/google.cloud.functions.v1.OperationMetadataV1","target":"projects/dacosta-verde/locations/us-central1/functions/createCheckoutSession","type":"CREATE_FUNCTION","request":{"@type":"type.googleapis.com/google.cloud.functions.v1.CloudFunction","name":"projects/dacosta-verde/locations/us-central1/functions/createCheckoutSession","httpsTrigger":{"securityLevel":"SECURE_ALWAYS"},"entryPoint":"createCheckoutSession","labels":{"deployment-tool":"cli-firebase","deployment-callable":"true","firebase-functions-hash":"d542f166886fde85f0e283f22df525e429157d15"},"sourceUploadUrl":"https://storage.googleapis.com/uploads-552288422511.us-central1.cloudfunctions.appspot.com/5ac15701-7865-4b25-92d9-dbd21476759b.zip?GoogleAccessId=service-394142923640@gcf-admin-robot.iam.gserviceaccount.com&Expires=1701299542&Signature=fvcaeuVdOTXTvfwfnIrylYudG9%2BSmSuw3k3KRzZ%2BPfvaLxfH9FR5eaHfBARElG9hW0F5XwJkQb0LiUvZJ6EmjC0RKJU02A8Qm2F%2BvrXNH48kKHXnG6VE3OZCdwuO30rTQZYMJ3kB%2BKJZFNHwPsvG8%2BCqJ%2Bxm5ZBDOCk6mNVjEjtcCEXR2XGtI06rhI22pcQ11iXns2rLIlt48HTXN5ylj%2BGg1PZGErPnas2QGC5nRbsodmMFF0F4oPFFYGobF2cGGPMHVkc55FenJShgeH7hvfj49zPHqo6C8iCTZTCY%2BxjxgUC3Z6TLOtO%2F5BhlPVN3wfTIyRXqMx6sksbSM74vnw%3D%3D","environmentVariables":{"FIREBASE_CONFIG":"{\"projectId\":\"dacosta-verde\",\"storageBucket\":\"dacosta-verde.appspot.com\",\"locationId\":\"us-central\"}","GCLOUD_PROJECT":"dacosta-verde","EVENTARC_CLOUD_EVENT_SOURCE":"projects/dacosta-verde/locations/us-central1/functions/createCheckoutSession"},"runtime":"nodejs18","buildEnvironmentVariables":{"GOOGLE_NODE_RUN_SCRIPTS":""},"dockerRegistry":"ARTIFACT_REGISTRY"},"versionId":"1","updateTime":"2023-11-29T22:42:49Z","buildId":"ca4c645c-68c6-45ec-bc53-33da0c9b2d17","buildName":"projects/394142923640/locations/us-central1/builds/ca4c645c-68c6-45ec-bc53-33da0c9b2d17"}}
[debug] [2023-11-29T22:43:06.401Z] [create-default-us-central1-createCheckoutSession] Retrying task index 0
[debug] [2023-11-29T22:43:06.402Z] >>> [apiv2][query] GET https://cloudfunctions.googleapis.com/v1/operations/ZGFjb3N0YS12ZXJkZS91cy1jZW50cmFsMS9jcmVhdGVDaGVja291dFNlc3Npb24vRTlJd1gyU0NrcTA [none]
[debug] [2023-11-29T22:43:06.587Z] <<< [apiv2][status] GET https://cloudfunctions.googleapis.com/v1/operations/ZGFjb3N0YS12ZXJkZS91cy1jZW50cmFsMS9jcmVhdGVDaGVja291dFNlc3Npb24vRTlJd1gyU0NrcTA 200
[debug] [2023-11-29T22:43:06.587Z] <<< [apiv2][body] GET https://cloudfunctions.googleapis.com/v1/operations/ZGFjb3N0YS12ZXJkZS91cy1jZW50cmFsMS9jcmVhdGVDaGVja291dFNlc3Npb24vRTlJd1gyU0NrcTA {"name":"operations/ZGFjb3N0YS12ZXJkZS91cy1jZW50cmFsMS9jcmVhdGVDaGVja291dFNlc3Npb24vRTlJd1gyU0NrcTA","metadata":{"@type":"type.googleapis.com/google.cloud.functions.v1.OperationMetadataV1","target":"projects/dacosta-verde/locations/us-central1/functions/createCheckoutSession","type":"CREATE_FUNCTION","request":{"@type":"type.googleapis.com/google.cloud.functions.v1.CloudFunction","name":"projects/dacosta-verde/locations/us-central1/functions/createCheckoutSession","httpsTrigger":{"securityLevel":"SECURE_ALWAYS"},"entryPoint":"createCheckoutSession","labels":{"deployment-tool":"cli-firebase","deployment-callable":"true","firebase-functions-hash":"d542f166886fde85f0e283f22df525e429157d15"},"sourceUploadUrl":"https://storage.googleapis.com/uploads-552288422511.us-central1.cloudfunctions.appspot.com/5ac15701-7865-4b25-92d9-dbd21476759b.zip?GoogleAccessId=service-394142923640@gcf-admin-robot.iam.gserviceaccount.com&Expires=1701299542&Signature=fvcaeuVdOTXTvfwfnIrylYudG9%2BSmSuw3k3KRzZ%2BPfvaLxfH9FR5eaHfBARElG9hW0F5XwJkQb0LiUvZJ6EmjC0RKJU02A8Qm2F%2BvrXNH48kKHXnG6VE3OZCdwuO30rTQZYMJ3kB%2BKJZFNHwPsvG8%2BCqJ%2Bxm5ZBDOCk6mNVjEjtcCEXR2XGtI06rhI22pcQ11iXns2rLIlt48HTXN5ylj%2BGg1PZGErPnas2QGC5nRbsodmMFF0F4oPFFYGobF2cGGPMHVkc55FenJShgeH7hvfj49zPHqo6C8iCTZTCY%2BxjxgUC3Z6TLOtO%2F5BhlPVN3wfTIyRXqMx6sksbSM74vnw%3D%3D","environmentVariables":{"FIREBASE_CONFIG":"{\"projectId\":\"dacosta-verde\",\"storageBucket\":\"dacosta-verde.appspot.com\",\"locationId\":\"us-central\"}","GCLOUD_PROJECT":"dacosta-verde","EVENTARC_CLOUD_EVENT_SOURCE":"projects/dacosta-verde/locations/us-central1/functions/createCheckoutSession"},"runtime":"nodejs18","buildEnvironmentVariables":{"GOOGLE_NODE_RUN_SCRIPTS":""},"dockerRegistry":"ARTIFACT_REGISTRY"},"versionId":"1","updateTime":"2023-11-29T22:42:49Z","buildId":"ca4c645c-68c6-45ec-bc53-33da0c9b2d17","buildName":"projects/394142923640/locations/us-central1/builds/ca4c645c-68c6-45ec-bc53-33da0c9b2d17"}}
[debug] [2023-11-29T22:43:16.589Z] [create-default-us-central1-createCheckoutSession] Retrying task index 0
[debug] [2023-11-29T22:43:16.590Z] >>> [apiv2][query] GET https://cloudfunctions.googleapis.com/v1/operations/ZGFjb3N0YS12ZXJkZS91cy1jZW50cmFsMS9jcmVhdGVDaGVja291dFNlc3Npb24vRTlJd1gyU0NrcTA [none]
[debug] [2023-11-29T22:43:16.847Z] <<< [apiv2][status] GET https://cloudfunctions.googleapis.com/v1/operations/ZGFjb3N0YS12ZXJkZS91cy1jZW50cmFsMS9jcmVhdGVDaGVja291dFNlc3Npb24vRTlJd1gyU0NrcTA 200
[debug] [2023-11-29T22:43:16.848Z] <<< [apiv2][body] GET https://cloudfunctions.googleapis.com/v1/operations/ZGFjb3N0YS12ZXJkZS91cy1jZW50cmFsMS9jcmVhdGVDaGVja291dFNlc3Npb24vRTlJd1gyU0NrcTA {"name":"operations/ZGFjb3N0YS12ZXJkZS91cy1jZW50cmFsMS9jcmVhdGVDaGVja291dFNlc3Npb24vRTlJd1gyU0NrcTA","metadata":{"@type":"type.googleapis.com/google.cloud.functions.v1.OperationMetadataV1","target":"projects/dacosta-verde/locations/us-central1/functions/createCheckoutSession","type":"CREATE_FUNCTION","request":{"@type":"type.googleapis.com/google.cloud.functions.v1.CloudFunction","name":"projects/dacosta-verde/locations/us-central1/functions/createCheckoutSession","httpsTrigger":{"securityLevel":"SECURE_ALWAYS"},"entryPoint":"createCheckoutSession","labels":{"deployment-tool":"cli-firebase","deployment-callable":"true","firebase-functions-hash":"d542f166886fde85f0e283f22df525e429157d15"},"sourceUploadUrl":"https://storage.googleapis.com/uploads-552288422511.us-central1.cloudfunctions.appspot.com/5ac15701-7865-4b25-92d9-dbd21476759b.zip?GoogleAccessId=service-394142923640@gcf-admin-robot.iam.gserviceaccount.com&Expires=1701299542&Signature=fvcaeuVdOTXTvfwfnIrylYudG9%2BSmSuw3k3KRzZ%2BPfvaLxfH9FR5eaHfBARElG9hW0F5XwJkQb0LiUvZJ6EmjC0RKJU02A8Qm2F%2BvrXNH48kKHXnG6VE3OZCdwuO30rTQZYMJ3kB%2BKJZFNHwPsvG8%2BCqJ%2Bxm5ZBDOCk6mNVjEjtcCEXR2XGtI06rhI22pcQ11iXns2rLIlt48HTXN5ylj%2BGg1PZGErPnas2QGC5nRbsodmMFF0F4oPFFYGobF2cGGPMHVkc55FenJShgeH7hvfj49zPHqo6C8iCTZTCY%2BxjxgUC3Z6TLOtO%2F5BhlPVN3wfTIyRXqMx6sksbSM74vnw%3D%3D","environmentVariables":{"FIREBASE_CONFIG":"{\"projectId\":\"dacosta-verde\",\"storageBucket\":\"dacosta-verde.appspot.com\",\"locationId\":\"us-central\"}","GCLOUD_PROJECT":"dacosta-verde","EVENTARC_CLOUD_EVENT_SOURCE":"projects/dacosta-verde/locations/us-central1/functions/createCheckoutSession"},"runtime":"nodejs18","buildEnvironmentVariables":{"GOOGLE_NODE_RUN_SCRIPTS":""},"dockerRegistry":"ARTIFACT_REGISTRY"},"versionId":"1","updateTime":"2023-11-29T22:42:49Z","buildId":"ca4c645c-68c6-45ec-bc53-33da0c9b2d17","buildName":"projects/394142923640/locations/us-central1/builds/ca4c645c-68c6-45ec-bc53-33da0c9b2d17"}}
[debug] [2023-11-29T22:43:26.849Z] [create-default-us-central1-createCheckoutSession] Retrying task index 0
[debug] [2023-11-29T22:43:26.850Z] >>> [apiv2][query] GET https://cloudfunctions.googleapis.com/v1/operations/ZGFjb3N0YS12ZXJkZS91cy1jZW50cmFsMS9jcmVhdGVDaGVja291dFNlc3Npb24vRTlJd1gyU0NrcTA [none]
[debug] [2023-11-29T22:43:27.029Z] <<< [apiv2][status] GET https://cloudfunctions.googleapis.com/v1/operations/ZGFjb3N0YS12ZXJkZS91cy1jZW50cmFsMS9jcmVhdGVDaGVja291dFNlc3Npb24vRTlJd1gyU0NrcTA 200
[debug] [2023-11-29T22:43:27.030Z] <<< [apiv2][body] GET https://cloudfunctions.googleapis.com/v1/operations/ZGFjb3N0YS12ZXJkZS91cy1jZW50cmFsMS9jcmVhdGVDaGVja291dFNlc3Npb24vRTlJd1gyU0NrcTA {"name":"operations/ZGFjb3N0YS12ZXJkZS91cy1jZW50cmFsMS9jcmVhdGVDaGVja291dFNlc3Npb24vRTlJd1gyU0NrcTA","metadata":{"@type":"type.googleapis.com/google.cloud.functions.v1.OperationMetadataV1","target":"projects/dacosta-verde/locations/us-central1/functions/createCheckoutSession","type":"CREATE_FUNCTION","request":{"@type":"type.googleapis.com/google.cloud.functions.v1.CloudFunction","name":"projects/dacosta-verde/locations/us-central1/functions/createCheckoutSession","httpsTrigger":{"securityLevel":"SECURE_ALWAYS"},"entryPoint":"createCheckoutSession","labels":{"deployment-tool":"cli-firebase","deployment-callable":"true","firebase-functions-hash":"d542f166886fde85f0e283f22df525e429157d15"},"sourceUploadUrl":"https://storage.googleapis.com/uploads-552288422511.us-central1.cloudfunctions.appspot.com/5ac15701-7865-4b25-92d9-dbd21476759b.zip?GoogleAccessId=service-394142923640@gcf-admin-robot.iam.gserviceaccount.com&Expires=1701299542&Signature=fvcaeuVdOTXTvfwfnIrylYudG9%2BSmSuw3k3KRzZ%2BPfvaLxfH9FR5eaHfBARElG9hW0F5XwJkQb0LiUvZJ6EmjC0RKJU02A8Qm2F%2BvrXNH48kKHXnG6VE3OZCdwuO30rTQZYMJ3kB%2BKJZFNHwPsvG8%2BCqJ%2Bxm5ZBDOCk6mNVjEjtcCEXR2XGtI06rhI22pcQ11iXns2rLIlt48HTXN5ylj%2BGg1PZGErPnas2QGC5nRbsodmMFF0F4oPFFYGobF2cGGPMHVkc55FenJShgeH7hvfj49zPHqo6C8iCTZTCY%2BxjxgUC3Z6TLOtO%2F5BhlPVN3wfTIyRXqMx6sksbSM74vnw%3D%3D","environmentVariables":{"FIREBASE_CONFIG":"{\"projectId\":\"dacosta-verde\",\"storageBucket\":\"dacosta-verde.appspot.com\",\"locationId\":\"us-central\"}","GCLOUD_PROJECT":"dacosta-verde","EVENTARC_CLOUD_EVENT_SOURCE":"projects/dacosta-verde/locations/us-central1/functions/createCheckoutSession"},"runtime":"nodejs18","buildEnvironmentVariables":{"GOOGLE_NODE_RUN_SCRIPTS":""},"dockerRegistry":"ARTIFACT_REGISTRY"},"versionId":"1","updateTime":"2023-11-29T22:42:49Z","buildId":"ca4c645c-68c6-45ec-bc53-33da0c9b2d17","buildName":"projects/394142923640/locations/us-central1/builds/ca4c645c-68c6-45ec-bc53-33da0c9b2d17"}}
[debug] [2023-11-29T22:43:37.031Z] [create-default-us-central1-createCheckoutSession] Retrying task index 0
[debug] [2023-11-29T22:43:37.032Z] >>> [apiv2][query] GET https://cloudfunctions.googleapis.com/v1/operations/ZGFjb3N0YS12ZXJkZS91cy1jZW50cmFsMS9jcmVhdGVDaGVja291dFNlc3Npb24vRTlJd1gyU0NrcTA [none]
[debug] [2023-11-29T22:43:37.266Z] <<< [apiv2][status] GET https://cloudfunctions.googleapis.com/v1/operations/ZGFjb3N0YS12ZXJkZS91cy1jZW50cmFsMS9jcmVhdGVDaGVja291dFNlc3Npb24vRTlJd1gyU0NrcTA 200
[debug] [2023-11-29T22:43:37.266Z] <<< [apiv2][body] GET https://cloudfunctions.googleapis.com/v1/operations/ZGFjb3N0YS12ZXJkZS91cy1jZW50cmFsMS9jcmVhdGVDaGVja291dFNlc3Npb24vRTlJd1gyU0NrcTA {"name":"operations/ZGFjb3N0YS12ZXJkZS91cy1jZW50cmFsMS9jcmVhdGVDaGVja291dFNlc3Npb24vRTlJd1gyU0NrcTA","metadata":{"@type":"type.googleapis.com/google.cloud.functions.v1.OperationMetadataV1","target":"projects/dacosta-verde/locations/us-central1/functions/createCheckoutSession","type":"CREATE_FUNCTION","request":{"@type":"type.googleapis.com/google.cloud.functions.v1.CloudFunction","name":"projects/dacosta-verde/locations/us-central1/functions/createCheckoutSession","httpsTrigger":{"securityLevel":"SECURE_ALWAYS"},"entryPoint":"createCheckoutSession","labels":{"deployment-tool":"cli-firebase","deployment-callable":"true","firebase-functions-hash":"d542f166886fde85f0e283f22df525e429157d15"},"sourceUploadUrl":"https://storage.googleapis.com/uploads-552288422511.us-central1.cloudfunctions.appspot.com/5ac15701-7865-4b25-92d9-dbd21476759b.zip?GoogleAccessId=service-394142923640@gcf-admin-robot.iam.gserviceaccount.com&Expires=1701299542&Signature=fvcaeuVdOTXTvfwfnIrylYudG9%2BSmSuw3k3KRzZ%2BPfvaLxfH9FR5eaHfBARElG9hW0F5XwJkQb0LiUvZJ6EmjC0RKJU02A8Qm2F%2BvrXNH48kKHXnG6VE3OZCdwuO30rTQZYMJ3kB%2BKJZFNHwPsvG8%2BCqJ%2Bxm5ZBDOCk6mNVjEjtcCEXR2XGtI06rhI22pcQ11iXns2rLIlt48HTXN5ylj%2BGg1PZGErPnas2QGC5nRbsodmMFF0F4oPFFYGobF2cGGPMHVkc55FenJShgeH7hvfj49zPHqo6C8iCTZTCY%2BxjxgUC3Z6TLOtO%2F5BhlPVN3wfTIyRXqMx6sksbSM74vnw%3D%3D","environmentVariables":{"FIREBASE_CONFIG":"{\"projectId\":\"dacosta-verde\",\"storageBucket\":\"dacosta-verde.appspot.com\",\"locationId\":\"us-central\"}","GCLOUD_PROJECT":"dacosta-verde","EVENTARC_CLOUD_EVENT_SOURCE":"projects/dacosta-verde/locations/us-central1/functions/createCheckoutSession"},"runtime":"nodejs18","buildEnvironmentVariables":{"GOOGLE_NODE_RUN_SCRIPTS":""},"dockerRegistry":"ARTIFACT_REGISTRY"},"versionId":"1","updateTime":"2023-11-29T22:42:49Z","buildId":"ca4c645c-68c6-45ec-bc53-33da0c9b2d17","buildName":"projects/394142923640/locations/us-central1/builds/ca4c645c-68c6-45ec-bc53-33da0c9b2d17"}}
[debug] [2023-11-29T22:43:47.269Z] [create-default-us-central1-createCheckoutSession] Retrying task index 0
[debug] [2023-11-29T22:43:47.270Z] >>> [apiv2][query] GET https://cloudfunctions.googleapis.com/v1/operations/ZGFjb3N0YS12ZXJkZS91cy1jZW50cmFsMS9jcmVhdGVDaGVja291dFNlc3Npb24vRTlJd1gyU0NrcTA [none]
[debug] [2023-11-29T22:43:47.508Z] <<< [apiv2][status] GET https://cloudfunctions.googleapis.com/v1/operations/ZGFjb3N0YS12ZXJkZS91cy1jZW50cmFsMS9jcmVhdGVDaGVja291dFNlc3Npb24vRTlJd1gyU0NrcTA 200
[debug] [2023-11-29T22:43:47.508Z] <<< [apiv2][body] GET https://cloudfunctions.googleapis.com/v1/operations/ZGFjb3N0YS12ZXJkZS91cy1jZW50cmFsMS9jcmVhdGVDaGVja291dFNlc3Npb24vRTlJd1gyU0NrcTA {"name":"operations/ZGFjb3N0YS12ZXJkZS91cy1jZW50cmFsMS9jcmVhdGVDaGVja291dFNlc3Npb24vRTlJd1gyU0NrcTA","metadata":{"@type":"type.googleapis.com/google.cloud.functions.v1.OperationMetadataV1","target":"projects/dacosta-verde/locations/us-central1/functions/createCheckoutSession","type":"CREATE_FUNCTION","request":{"@type":"type.googleapis.com/google.cloud.functions.v1.CloudFunction","name":"projects/dacosta-verde/locations/us-central1/functions/createCheckoutSession","httpsTrigger":{"securityLevel":"SECURE_ALWAYS"},"entryPoint":"createCheckoutSession","labels":{"deployment-tool":"cli-firebase","deployment-callable":"true","firebase-functions-hash":"d542f166886fde85f0e283f22df525e429157d15"},"sourceUploadUrl":"https://storage.googleapis.com/uploads-552288422511.us-central1.cloudfunctions.appspot.com/5ac15701-7865-4b25-92d9-dbd21476759b.zip?GoogleAccessId=service-394142923640@gcf-admin-robot.iam.gserviceaccount.com&Expires=1701299542&Signature=fvcaeuVdOTXTvfwfnIrylYudG9%2BSmSuw3k3KRzZ%2BPfvaLxfH9FR5eaHfBARElG9hW0F5XwJkQb0LiUvZJ6EmjC0RKJU02A8Qm2F%2BvrXNH48kKHXnG6VE3OZCdwuO30rTQZYMJ3kB%2BKJZFNHwPsvG8%2BCqJ%2Bxm5ZBDOCk6mNVjEjtcCEXR2XGtI06rhI22pcQ11iXns2rLIlt48HTXN5ylj%2BGg1PZGErPnas2QGC5nRbsodmMFF0F4oPFFYGobF2cGGPMHVkc55FenJShgeH7hvfj49zPHqo6C8iCTZTCY%2BxjxgUC3Z6TLOtO%2F5BhlPVN3wfTIyRXqMx6sksbSM74vnw%3D%3D","environmentVariables":{"FIREBASE_CONFIG":"{\"projectId\":\"dacosta-verde\",\"storageBucket\":\"dacosta-verde.appspot.com\",\"locationId\":\"us-central\"}","GCLOUD_PROJECT":"dacosta-verde","EVENTARC_CLOUD_EVENT_SOURCE":"projects/dacosta-verde/locations/us-central1/functions/createCheckoutSession"},"runtime":"nodejs18","buildEnvironmentVariables":{"GOOGLE_NODE_RUN_SCRIPTS":""},"dockerRegistry":"ARTIFACT_REGISTRY"},"versionId":"1","updateTime":"2023-11-29T22:42:49Z","buildId":"ca4c645c-68c6-45ec-bc53-33da0c9b2d17","sourceToken":"161e4e5b-fd13-49e2-a110-588e457526e6","buildName":"projects/394142923640/locations/us-central1/builds/ca4c645c-68c6-45ec-bc53-33da0c9b2d17"}}
[debug] [2023-11-29T22:43:47.508Z] Got source token 161e4e5b-fd13-49e2-a110-588e457526e6 for region us-central1
[debug] [2023-11-29T22:43:57.511Z] [create-default-us-central1-createCheckoutSession] Retrying task index 0
[debug] [2023-11-29T22:43:57.513Z] >>> [apiv2][query] GET https://cloudfunctions.googleapis.com/v1/operations/ZGFjb3N0YS12ZXJkZS91cy1jZW50cmFsMS9jcmVhdGVDaGVja291dFNlc3Npb24vRTlJd1gyU0NrcTA [none]
[debug] [2023-11-29T22:43:57.690Z] <<< [apiv2][status] GET https://cloudfunctions.googleapis.com/v1/operations/ZGFjb3N0YS12ZXJkZS91cy1jZW50cmFsMS9jcmVhdGVDaGVja291dFNlc3Npb24vRTlJd1gyU0NrcTA 200
[debug] [2023-11-29T22:43:57.690Z] <<< [apiv2][body] GET https://cloudfunctions.googleapis.com/v1/operations/ZGFjb3N0YS12ZXJkZS91cy1jZW50cmFsMS9jcmVhdGVDaGVja291dFNlc3Npb24vRTlJd1gyU0NrcTA {"name":"operations/ZGFjb3N0YS12ZXJkZS91cy1jZW50cmFsMS9jcmVhdGVDaGVja291dFNlc3Npb24vRTlJd1gyU0NrcTA","metadata":{"@type":"type.googleapis.com/google.cloud.functions.v1.OperationMetadataV1","target":"projects/dacosta-verde/locations/us-central1/functions/createCheckoutSession","type":"CREATE_FUNCTION","request":{"@type":"type.googleapis.com/google.cloud.functions.v1.CloudFunction","name":"projects/dacosta-verde/locations/us-central1/functions/createCheckoutSession","httpsTrigger":{"securityLevel":"SECURE_ALWAYS"},"entryPoint":"createCheckoutSession","labels":{"deployment-tool":"cli-firebase","deployment-callable":"true","firebase-functions-hash":"d542f166886fde85f0e283f22df525e429157d15"},"sourceUploadUrl":"https://storage.googleapis.com/uploads-552288422511.us-central1.cloudfunctions.appspot.com/5ac15701-7865-4b25-92d9-dbd21476759b.zip?GoogleAccessId=service-394142923640@gcf-admin-robot.iam.gserviceaccount.com&Expires=1701299542&Signature=fvcaeuVdOTXTvfwfnIrylYudG9%2BSmSuw3k3KRzZ%2BPfvaLxfH9FR5eaHfBARElG9hW0F5XwJkQb0LiUvZJ6EmjC0RKJU02A8Qm2F%2BvrXNH48kKHXnG6VE3OZCdwuO30rTQZYMJ3kB%2BKJZFNHwPsvG8%2BCqJ%2Bxm5ZBDOCk6mNVjEjtcCEXR2XGtI06rhI22pcQ11iXns2rLIlt48HTXN5ylj%2BGg1PZGErPnas2QGC5nRbsodmMFF0F4oPFFYGobF2cGGPMHVkc55FenJShgeH7hvfj49zPHqo6C8iCTZTCY%2BxjxgUC3Z6TLOtO%2F5BhlPVN3wfTIyRXqMx6sksbSM74vnw%3D%3D","environmentVariables":{"FIREBASE_CONFIG":"{\"projectId\":\"dacosta-verde\",\"storageBucket\":\"dacosta-verde.appspot.com\",\"locationId\":\"us-central\"}","GCLOUD_PROJECT":"dacosta-verde","EVENTARC_CLOUD_EVENT_SOURCE":"projects/dacosta-verde/locations/us-central1/functions/createCheckoutSession"},"runtime":"nodejs18","buildEnvironmentVariables":{"GOOGLE_NODE_RUN_SCRIPTS":""},"dockerRegistry":"ARTIFACT_REGISTRY"},"versionId":"1","updateTime":"2023-11-29T22:42:49Z","buildId":"ca4c645c-68c6-45ec-bc53-33da0c9b2d17","sourceToken":"161e4e5b-fd13-49e2-a110-588e457526e6","buildName":"projects/394142923640/locations/us-central1/builds/ca4c645c-68c6-45ec-bc53-33da0c9b2d17"}}
[debug] [2023-11-29T22:43:57.690Z] Got source token 161e4e5b-fd13-49e2-a110-588e457526e6 for region us-central1
[debug] [2023-11-29T22:44:07.692Z] [create-default-us-central1-createCheckoutSession] Retrying task index 0
[debug] [2023-11-29T22:44:07.693Z] >>> [apiv2][query] GET https://cloudfunctions.googleapis.com/v1/operations/ZGFjb3N0YS12ZXJkZS91cy1jZW50cmFsMS9jcmVhdGVDaGVja291dFNlc3Npb24vRTlJd1gyU0NrcTA [none]
[debug] [2023-11-29T22:44:07.909Z] <<< [apiv2][status] GET https://cloudfunctions.googleapis.com/v1/operations/ZGFjb3N0YS12ZXJkZS91cy1jZW50cmFsMS9jcmVhdGVDaGVja291dFNlc3Npb24vRTlJd1gyU0NrcTA 200
[debug] [2023-11-29T22:44:07.909Z] <<< [apiv2][body] GET https://cloudfunctions.googleapis.com/v1/operations/ZGFjb3N0YS12ZXJkZS91cy1jZW50cmFsMS9jcmVhdGVDaGVja291dFNlc3Npb24vRTlJd1gyU0NrcTA {"name":"operations/ZGFjb3N0YS12ZXJkZS91cy1jZW50cmFsMS9jcmVhdGVDaGVja291dFNlc3Npb24vRTlJd1gyU0NrcTA","metadata":{"@type":"type.googleapis.com/google.cloud.functions.v1.OperationMetadataV1","target":"projects/dacosta-verde/locations/us-central1/functions/createCheckoutSession","type":"CREATE_FUNCTION","request":{"@type":"type.googleapis.com/google.cloud.functions.v1.CloudFunction","name":"projects/dacosta-verde/locations/us-central1/functions/createCheckoutSession","httpsTrigger":{"securityLevel":"SECURE_ALWAYS"},"entryPoint":"createCheckoutSession","labels":{"deployment-tool":"cli-firebase","deployment-callable":"true","firebase-functions-hash":"d542f166886fde85f0e283f22df525e429157d15"},"sourceUploadUrl":"https://storage.googleapis.com/uploads-552288422511.us-central1.cloudfunctions.appspot.com/5ac15701-7865-4b25-92d9-dbd21476759b.zip?GoogleAccessId=service-394142923640@gcf-admin-robot.iam.gserviceaccount.com&Expires=1701299542&Signature=fvcaeuVdOTXTvfwfnIrylYudG9%2BSmSuw3k3KRzZ%2BPfvaLxfH9FR5eaHfBARElG9hW0F5XwJkQb0LiUvZJ6EmjC0RKJU02A8Qm2F%2BvrXNH48kKHXnG6VE3OZCdwuO30rTQZYMJ3kB%2BKJZFNHwPsvG8%2BCqJ%2Bxm5ZBDOCk6mNVjEjtcCEXR2XGtI06rhI22pcQ11iXns2rLIlt48HTXN5ylj%2BGg1PZGErPnas2QGC5nRbsodmMFF0F4oPFFYGobF2cGGPMHVkc55FenJShgeH7hvfj49zPHqo6C8iCTZTCY%2BxjxgUC3Z6TLOtO%2F5BhlPVN3wfTIyRXqMx6sksbSM74vnw%3D%3D","environmentVariables":{"FIREBASE_CONFIG":"{\"projectId\":\"dacosta-verde\",\"storageBucket\":\"dacosta-verde.appspot.com\",\"locationId\":\"us-central\"}","GCLOUD_PROJECT":"dacosta-verde","EVENTARC_CLOUD_EVENT_SOURCE":"projects/dacosta-verde/locations/us-central1/functions/createCheckoutSession"},"runtime":"nodejs18","buildEnvironmentVariables":{"GOOGLE_NODE_RUN_SCRIPTS":""},"dockerRegistry":"ARTIFACT_REGISTRY"},"versionId":"1","updateTime":"2023-11-29T22:44:04Z","buildId":"ca4c645c-68c6-45ec-bc53-33da0c9b2d17","sourceToken":"161e4e5b-fd13-49e2-a110-588e457526e6","buildName":"projects/394142923640/locations/us-central1/builds/ca4c645c-68c6-45ec-bc53-33da0c9b2d17"},"done":true,"error":{"code":3,"message":"Function failed on loading user code. This is likely due to a bug in the user code. Error message: Provided module can't be loaded.\nDid you list all required modules in the package.json dependencies?\nDetailed stack trace: Error: Cannot find module 'stripe'\nRequire stack:\n- /workspace/index.js\n- /layers/google.nodejs.functions-framework/functions-framework/node_modules/@google-cloud/functions-framework/build/src/loader.js\n- /layers/google.nodejs.functions-framework/functions-framework/node_modules/@google-cloud/functions-framework/build/src/main.js\n    at Module._resolveFilename (node:internal/modules/cjs/loader:1077:15)\n    at Module._load (node:internal/modules/cjs/loader:922:27)\n    at Module.require (node:internal/modules/cjs/loader:1143:19)\n    at require (node:internal/modules/cjs/helpers:119:18)\n    at Object.<anonymous> (/workspace/index.js:3:16)\n    at Module._compile (node:internal/modules/cjs/loader:1256:14)\n    at Module._extensions..js (node:internal/modules/cjs/loader:1310:10)\n    at Module.load (node:internal/modules/cjs/loader:1119:32)\n    at Module._load (node:internal/modules/cjs/loader:960:12)\n    at Module.require (node:internal/modules/cjs/loader:1143:19)\nCould not load the function, shutting down.. Please visit https://cloud.google.com/functions/docs/troubleshooting for in-depth troubleshooting documentation."}}
[debug] [2023-11-29T22:44:07.910Z] Got source token 161e4e5b-fd13-49e2-a110-588e457526e6 for region us-central1
[error] Function failed on loading user code. This is likely due to a bug in the user code. Error message: Provided module can't be loaded.
Did you list all required modules in the package.json dependencies?
Detailed stack trace: Error: Cannot find module 'stripe'
Require stack:
- /workspace/index.js
- /layers/google.nodejs.functions-framework/functions-framework/node_modules/@google-cloud/functions-framework/build/src/loader.js
- /layers/google.nodejs.functions-framework/functions-framework/node_modules/@google-cloud/functions-framework/build/src/main.js
    at Module._resolveFilename (node:internal/modules/cjs/loader:1077:15)
    at Module._load (node:internal/modules/cjs/loader:922:27)
    at Module.require (node:internal/modules/cjs/loader:1143:19)
    at require (node:internal/modules/cjs/helpers:119:18)
    at Object.<anonymous> (/workspace/index.js:3:16)
    at Module._compile (node:internal/modules/cjs/loader:1256:14)
    at Module._extensions..js (node:internal/modules/cjs/loader:1310:10)
    at Module.load (node:internal/modules/cjs/loader:1119:32)
    at Module._load (node:internal/modules/cjs/loader:960:12)
    at Module.require (node:internal/modules/cjs/loader:1143:19)
Could not load the function, shutting down.. Please visit https://cloud.google.com/functions/docs/troubleshooting for in-depth troubleshooting documentation.
[debug] [2023-11-29T22:44:07.923Z] Total Function Deployment time: 78578
[debug] [2023-11-29T22:44:07.923Z] 2 Functions Deployed
[debug] [2023-11-29T22:44:07.923Z] 1 Functions Errored
[debug] [2023-11-29T22:44:07.923Z] 0 Function Deployments Aborted
[debug] [2023-11-29T22:44:07.923Z] Average Function Deployment time: 41757
[info] 
[info] Functions deploy had errors with the following functions:
	createCheckoutSession(us-central1)
[info] i  functions: cleaning up build files... 
[debug] [2023-11-29T22:44:08.058Z] >>> [apiv2][query] DELETE https://artifactregistry.googleapis.com/v1beta2/projects/dacosta-verde/locations/us-central1/repositories/gcf-artifacts/packages/create_checkout_session [none]
[debug] [2023-11-29T22:44:08.059Z] >>> [apiv2][query] DELETE https://artifactregistry.googleapis.com/v1beta2/projects/dacosta-verde/locations/us-central1/repositories/gcf-artifacts/packages/hello_world [none]
[debug] [2023-11-29T22:44:08.061Z] >>> [apiv2][query] DELETE https://artifactregistry.googleapis.com/v1beta2/projects/dacosta-verde/locations/us-central1/repositories/gcf-artifacts/packages/hello_world%2Fcache [none]
[debug] [2023-11-29T22:44:08.063Z] >>> [apiv2][query] GET https://us.gcr.io/v2/dacosta-verde/gcf/us-central1/tags/list [none]
[debug] [2023-11-29T22:44:08.388Z] <<< [apiv2][status] GET https://us.gcr.io/v2/dacosta-verde/gcf/us-central1/tags/list 200
[debug] [2023-11-29T22:44:08.389Z] <<< [apiv2][body] GET https://us.gcr.io/v2/dacosta-verde/gcf/us-central1/tags/list {"child":[],"manifest":{},"name":"dacosta-verde/gcf/us-central1","tags":[]}
[debug] [2023-11-29T22:44:08.389Z] Could not find image for function projects/dacosta-verde/locations/us-central1/functions/createCheckoutSession
[debug] [2023-11-29T22:44:08.389Z] Could not find image for function projects/dacosta-verde/locations/us-central1/functions/helloWorld
[debug] [2023-11-29T22:44:08.477Z] <<< [apiv2][status] DELETE https://artifactregistry.googleapis.com/v1beta2/projects/dacosta-verde/locations/us-central1/repositories/gcf-artifacts/packages/hello_world%2Fcache 404
[debug] [2023-11-29T22:44:08.477Z] <<< [apiv2][body] DELETE https://artifactregistry.googleapis.com/v1beta2/projects/dacosta-verde/locations/us-central1/repositories/gcf-artifacts/packages/hello_world%2Fcache {"error":{"code":404,"message":"Package \"projects/dacosta-verde/locations/us-central1/repositories/gcf-artifacts/packages/hello_world%2Fcache\" was not found.","status":"NOT_FOUND"}}
[debug] [2023-11-29T22:44:08.478Z] <<< [apiv2][status] DELETE https://artifactregistry.googleapis.com/v1beta2/projects/dacosta-verde/locations/us-central1/repositories/gcf-artifacts/packages/create_checkout_session 200
[debug] [2023-11-29T22:44:08.478Z] <<< [apiv2][body] DELETE https://artifactregistry.googleapis.com/v1beta2/projects/dacosta-verde/locations/us-central1/repositories/gcf-artifacts/packages/create_checkout_session {"name":"projects/dacosta-verde/locations/us-central1/operations/f3919541-140a-44ff-ad5c-4846b2bdd0fc","metadata":{"@type":"type.googleapis.com/google.devtools.artifactregistry.v1beta2.OperationMetadata"}}
[debug] [2023-11-29T22:44:08.479Z] >>> [apiv2][query] GET https://artifactregistry.googleapis.com/v1beta2/projects/dacosta-verde/locations/us-central1/operations/f3919541-140a-44ff-ad5c-4846b2bdd0fc [none]
[debug] [2023-11-29T22:44:08.481Z] <<< [apiv2][status] DELETE https://artifactregistry.googleapis.com/v1beta2/projects/dacosta-verde/locations/us-central1/repositories/gcf-artifacts/packages/hello_world 404
[debug] [2023-11-29T22:44:08.481Z] <<< [apiv2][body] DELETE https://artifactregistry.googleapis.com/v1beta2/projects/dacosta-verde/locations/us-central1/repositories/gcf-artifacts/packages/hello_world {"error":{"code":404,"message":"Package \"projects/dacosta-verde/locations/us-central1/repositories/gcf-artifacts/packages/hello_world\" was not found.","status":"NOT_FOUND"}}
[debug] [2023-11-29T22:44:08.789Z] <<< [apiv2][status] GET https://artifactregistry.googleapis.com/v1beta2/projects/dacosta-verde/locations/us-central1/operations/f3919541-140a-44ff-ad5c-4846b2bdd0fc 200
[debug] [2023-11-29T22:44:08.790Z] <<< [apiv2][body] GET https://artifactregistry.googleapis.com/v1beta2/projects/dacosta-verde/locations/us-central1/operations/f3919541-140a-44ff-ad5c-4846b2bdd0fc {"name":"projects/dacosta-verde/locations/us-central1/operations/f3919541-140a-44ff-ad5c-4846b2bdd0fc","metadata":{"@type":"type.googleapis.com/google.devtools.artifactregistry.v1beta2.OperationMetadata"},"done":true,"response":{"@type":"type.googleapis.com/google.protobuf.Empty"}}
[warn] ⚠  functions: Unhandled error cleaning up build images. This could result in a small monthly bill if not corrected. You can attempt to delete these images by redeploying or you can delete them manually at https://console.cloud.google.com/artifacts/docker/dacosta-verde/us-central1/gcf-artifacts 
[debug] [2023-11-29T22:44:08.791Z] Functions deploy failed.
[debug] [2023-11-29T22:44:08.791Z] {
  "endpoint": {
    "id": "createCheckoutSession",
    "project": "dacosta-verde",
    "region": "us-central1",
    "entryPoint": "createCheckoutSession",
    "platform": "gcfv1",
    "runtime": "nodejs18",
    "callableTrigger": {},
    "labels": {
      "deployment-tool": "cli-firebase"
    },
    "ingressSettings": null,
    "availableMemoryMb": null,
    "serviceAccount": null,
    "timeoutSeconds": null,
    "maxInstances": null,
    "minInstances": null,
    "vpc": null,
    "environmentVariables": {
      "FIREBASE_CONFIG": "{\"projectId\":\"dacosta-verde\",\"storageBucket\":\"dacosta-verde.appspot.com\",\"locationId\":\"us-central\"}",
      "GCLOUD_PROJECT": "dacosta-verde",
      "EVENTARC_CLOUD_EVENT_SOURCE": "projects/dacosta-verde/locations/us-central1/functions/createCheckoutSession"
    },
    "codebase": "default",
    "targetedByOnly": false,
    "hash": "d542f166886fde85f0e283f22df525e429157d15"
  },
  "op": "create",
  "original": {
    "name": "FirebaseError",
    "children": [],
    "exit": 1,
    "message": "Function failed on loading user code. This is likely due to a bug in the user code. Error message: Provided module can't be loaded.\nDid you list all required modules in the package.json dependencies?\nDetailed stack trace: Error: Cannot find module 'stripe'\nRequire stack:\n- /workspace/index.js\n- /layers/google.nodejs.functions-framework/functions-framework/node_modules/@google-cloud/functions-framework/build/src/loader.js\n- /layers/google.nodejs.functions-framework/functions-framework/node_modules/@google-cloud/functions-framework/build/src/main.js\n    at Module._resolveFilename (node:internal/modules/cjs/loader:1077:15)\n    at Module._load (node:internal/modules/cjs/loader:922:27)\n    at Module.require (node:internal/modules/cjs/loader:1143:19)\n    at require (node:internal/modules/cjs/helpers:119:18)\n    at Object.<anonymous> (/workspace/index.js:3:16)\n    at Module._compile (node:internal/modules/cjs/loader:1256:14)\n    at Module._extensions..js (node:internal/modules/cjs/loader:1310:10)\n    at Module.load (node:internal/modules/cjs/loader:1119:32)\n    at Module._load (node:internal/modules/cjs/loader:960:12)\n    at Module.require (node:internal/modules/cjs/loader:1143:19)\nCould not load the function, shutting down.. Please visit https://cloud.google.com/functions/docs/troubleshooting for in-depth troubleshooting documentation.",
    "status": 3,
    "code": 3
  }
}
[debug] [2023-11-29T22:44:08.882Z] Error: Failed to create function createCheckoutSession in region us-central1
    at /Users/witchy/.nvm/versions/node/v16.18.1/lib/node_modules/firebase-tools/lib/deploy/functions/release/fabricator.js:51:11
    at processTicksAndRejections (node:internal/process/task_queues:96:5)
    at async Fabricator.createV1Function (/Users/witchy/.nvm/versions/node/v16.18.1/lib/node_modules/firebase-tools/lib/deploy/functions/release/fabricator.js:181:32)
    at async Fabricator.createEndpoint (/Users/witchy/.nvm/versions/node/v16.18.1/lib/node_modules/firebase-tools/lib/deploy/functions/release/fabricator.js:133:13)
    at async handle (/Users/witchy/.nvm/versions/node/v16.18.1/lib/node_modules/firebase-tools/lib/deploy/functions/release/fabricator.js:88:17)
[error] 
[error] Error: There was an error deploying functions
